*** Error in corrupted double-linked list: 0x0000000006202100 ***
======= Backtrace: =========
/opt/FJSVxos/mmm/lib64/libmpg.so.1(+0x78d4)[0x4000000d78d4]
/opt/FJSVxos/mmm/lib64/libmpg.so.1(+0x7d2c)[0x4000000d7d2c]
/opt/FJSVxos/mmm/lib64/libmpg.so.1(+0xa5cc)[0x4000000da5cc]
./bench_zfill[0x4024a0]
/lib64/libc.so.6(__libc_start_main+0xdc)[0x400000334384]
./bench_zfill[0x400a5c]
======= Memory map: ========
00400000-00410000 r-xp 00000000 00:36 144157964457003443                 /vol0006/mdt0/data/hp250467/work/gemm/a64fx/mem-pattern/bench_zfill
02000000-02200000 rw-p 00000000 00:0f 10392489                           /anon_hugepage (deleted)
02200000-02400000 rw-p 00000000 00:0f 10392493                           /anon_hugepage (deleted)
02400000-06400000 rw-p 00000000 00:0f 10392494                           /anon_hugepage (deleted)
400000000000-400000030000 r-xp 00000000 00:2d 283140375                  /lib64/ld-2.28.so
400000030000-400000040000 r--p 00020000 00:2d 283140375                  /lib64/ld-2.28.so
400000040000-400000050000 rw-p 00030000 00:2d 283140375                  /lib64/ld-2.28.so
400000050000-400000070000 r--p 00000000 00:00 0                          [vvar]
400000070000-400000080000 r-xp 00000000 00:00 0                          [vdso]
400000080000-400000090000 r-xp 00000000 00:2d 19802                      /opt/FJSVxtclanga/tcsds-1.2.42/lib64/libfjprofcore.so.1
400000090000-4000000a0000 rw-p 00000000 00:2d 19802                      /opt/FJSVxtclanga/tcsds-1.2.42/lib64/libfjprofcore.so.1
4000000a0000-4000000b0000 r-xp 00000000 00:2d 20958                      /opt/FJSVxtclanga/tcsds-1.2.42/lib64/libfjprofomp.so.1
4000000b0000-4000000c0000 rw-p 00000000 00:2d 20958                      /opt/FJSVxtclanga/tcsds-1.2.42/lib64/libfjprofomp.so.1
4000000c0000-4000000d0000 rw-p 00000000 00:00 0 
4000000d0000-400000100000 r-xp 00000000 00:2d 810354447                  /opt/FJSVxos/mmm/lib64/libmpg.so.1
400000100000-400000110000 r--p 00020000 00:2d 810354447                  /opt/FJSVxos/mmm/lib64/libmpg.so.1
400000110000-400000120000 rw-p 00030000 00:2d 810354447                  /opt/FJSVxos/mmm/lib64/libmpg.so.1
400000120000-4000001d0000 r-xp 00000000 00:2d 283148054                  /lib64/libm-2.28.so
4000001d0000-4000001e0000 r--p 000a0000 00:2d 283148054                  /lib64/libm-2.28.so
4000001e0000-4000001f0000 rw-p 000b0000 00:2d 283148054                  /lib64/libm-2.28.so
4000001f0000-400000200000 r-xp 00000000 00:2d 283148068                  /lib64/librt-2.28.so
400000200000-400000210000 r--p 00000000 00:2d 283148068                  /lib64/librt-2.28.so
400000210000-400000220000 rw-p 00010000 00:2d 283148068                  /lib64/librt-2.28.so
400000220000-400000240000 r-xp 00000000 00:2d 283148064                  /lib64/libpthread-2.28.so
400000240000-400000250000 r--p 00010000 00:2d 283148064                  /lib64/libpthread-2.28.so
400000250000-400000260000 rw-p 00020000 00:2d 283148064                  /lib64/libpthread-2.28.so
400000260000-400000280000 r-xp 00000000 00:2d 269889919                  /lib64/libelf-0.190.so
400000280000-400000290000 r--p 00010000 00:2d 269889919                  /lib64/libelf-0.190.so
400000290000-4000002a0000 rw-p 00000000 00:00 0 
4000002a0000-4000002c0000 r-xp 00000000 00:2d 283092045                  /lib64/libz.so.1.2.11
4000002c0000-4000002d0000 r--p 00010000 00:2d 283092045                  /lib64/libz.so.1.2.11
4000002d0000-4000002e0000 rw-p 00000000 00:00 0 
4000002e0000-4000002f0000 r-xp 00000000 00:2d 283148052                  /lib64/libdl-2.28.so
4000002f0000-400000300000 r--p 00000000 00:2d 283148052                  /lib64/libdl-2.28.so
400000300000-400000310000 rw-p 00010000 00:2d 283148052                  /lib64/libdl-2.28.so
400000310000-400000470000 r-xp 00000000 00:2d 283148049                  /lib64/libc-2.28.so
400000470000-400000480000 r--p 00150000 00:2d 283148049                  /lib64/libc-2.28.so
400000480000-400000490000 rw-p 00160000 00:2d 283148049                  /lib64/libc-2.28.so
400000490000-400000520000 r-xp 00000000 00:2d 283563255                  /lib64/libzstd.so.1.4.4
400000520000-400000530000 r--p 00080000 00:2d 283563255                  /lib64/libzstd.so.1.4.4
400000530000-400000540000 rw-p 00090000 00:2d 283563255                  /lib64/libzstd.so.1.4.4
400000540000-400000570000 r-xp 00000000 00:2d 283139033                  /lib64/liblzma.so.5.2.4
400000570000-400000580000 r--p 00020000 00:2d 283139033                  /lib64/liblzma.so.5.2.4
400000580000-400000590000 rw-p 00000000 00:00 0 
400000590000-4000005a0000 r-xp 00000000 00:2d 283116889                  /lib64/libbz2.so.1.0.6
4000005a0000-4000005b0000 r--p 00000000 00:2d 283116889                  /lib64/libbz2.so.1.0.6
4000005b0000-4000005c0000 rw-p 00010000 00:2d 283116889                  /lib64/libbz2.so.1.0.6
4000005c0000-4000005d0000 rw-p 00000000 00:00 0 
400000600000-400000800000 rw-p 00000000 00:0f 10392495                   /anon_hugepage (deleted)
400000800000-400000a00000 rw-p 00000000 00:0f 10392496                   /anon_hugepage (deleted)
400000a00000-400000c00000 rw-p 00000000 00:0f 10392497                   /anon_hugepage (deleted)
400000c00000-400000c20000 r-xp 00000000 00:2d 283148041                  /lib64/libgcc_s-8-20210514.so.1
400000c20000-400000c30000 r--p 00010000 00:2d 283148041                  /lib64/libgcc_s-8-20210514.so.1
400000c30000-400000c40000 rw-p 00020000 00:2d 283148041                  /lib64/libgcc_s-8-20210514.so.1
400000e00000-400001000000 rw-p 00000000 00:0f 10392498                   /anon_hugepage (deleted)
400001000000-400001200000 rw-p 00000000 00:0f 10392499                   /anon_hugepage (deleted)
fff80c200000-1000000000000 rw-p 00000000 00:0f 10392492                  /memfd: [stack] by libmpg (deleted)
/vol0006/mdt0/data/hp250467/work/gemm/a64fx/mem-pattern/.d0045824761: line 3:    60 Aborted                 ./bench_zfill
